<?xml version="1.0" encoding="UTF-8"?>
<!-- Generated by org.testng.reporters.JUnitReportReporter -->
<testsuite skipped="0" hostname="SumitLenovo" name="com.inetbanking.testCases.TC_LoginTest_001" tests="1" failures="0" timestamp="17 Jun 2020 09:24:39 GMT" time="7.918" errors="0">
  <testcase name="login" time="7.918" classname="com.inetbanking.testCases.TC_LoginTest_001"/>
</testsuite> <!-- com.inetbanking.testCases.TC_LoginTest_001 -->
