<?xml version="1.0" encoding="UTF-8"?>
<!-- Generated by org.testng.reporters.JUnitReportReporter -->
<testsuite skipped="0" hostname="SumitLenovo" name="com.inetbanking.testCases.TC_AddCustomerTest_003" tests="1" failures="0" timestamp="17 Jun 2020 09:24:39 GMT" time="22.078" errors="0">
  <testcase name="addNewCustomer" time="22.078" classname="com.inetbanking.testCases.TC_AddCustomerTest_003"/>
</testsuite> <!-- com.inetbanking.testCases.TC_AddCustomerTest_003 -->
