<?xml version="1.0" encoding="UTF-8"?>
<!-- Generated by org.testng.reporters.JUnitReportReporter -->
<testsuite skipped="0" hostname="SumitLenovo" name="com.inetbanking.testCases.TC_AddCustomerTest_003" tests="1" failures="0" timestamp="17 Jun 2020 18:03:04 GMT" time="37.761" errors="0">
  <testcase name="addNewCustomer" time="37.761" classname="com.inetbanking.testCases.TC_AddCustomerTest_003"/>
</testsuite> <!-- com.inetbanking.testCases.TC_AddCustomerTest_003 -->
